c:\lebedev\room\debug\main.obj
c:\lebedev\room\debug\room.obj
c:\lebedev\room\debug\vc100.pdb
c:\lebedev\room\debug\room.ilk
c:\lebedev\room\debug\room.exe
c:\lebedev\room\debug\room.exe.intermediate.manifest
c:\lebedev\room\debug\room.pdb
e:\lebedev\room\debug\vc140.pdb
e:\lebedev\room\debug\vc140.idb
e:\lebedev\room\debug\main.obj
e:\lebedev\room\debug\room.obj
e:\lebedev\room\debug\cl.read.1.tlog
e:\lebedev\room\debug\cl.write.1.tlog
e:\lebedev\room\debug\cl.command.1.tlog
e:\lebedev\room\debug\link.read.1.tlog
e:\lebedev\room\debug\link.write.1.tlog
e:\lebedev\room\debug\link.command.1.tlog
e:\lebedev\room\debug\mt.read.1.tlog
e:\lebedev\room\debug\mt.write.1.tlog
e:\lebedev\room\debug\mt.command.1.tlog
e:\lebedev\room\debug\room.exe.intermediate.manifest
e:\lebedev\room\debug\vc100.idb
e:\lebedev\room\debug\vc100.pdb
e:\lebedev\room\debug\room.pdb
e:\lebedev\room\debug\room.tlog\cl.read.1.tlog
e:\lebedev\room\debug\room.tlog\cl.write.1.tlog
e:\lebedev\room\debug\room.tlog\cl.command.1.tlog
e:\lebedev\room\debug\room.tlog\link-rc.read.1.tlog
e:\lebedev\room\debug\room.tlog\link-rc.write.1.tlog
e:\lebedev\room\debug\room.tlog\link-cvtres.read.1.tlog
e:\lebedev\room\debug\room.tlog\link-cvtres.write.1.tlog
e:\lebedev\room\debug\room.tlog\link.read.1.tlog
e:\lebedev\room\debug\room.tlog\link.write.1.tlog
e:\lebedev\room\debug\room.tlog\link.command.1.tlog
